SF:lib\movies\data\models\movie_table.dart
DA:11,2
DA:18,2
DA:19,1
DA:20,1
DA:21,1
DA:22,1
DA:25,2
DA:26,1
DA:27,1
DA:28,1
DA:29,1
DA:32,0
DA:33,0
DA:34,0
DA:35,0
DA:36,0
DA:39,2
DA:40,1
DA:41,1
DA:42,1
DA:43,1
DA:46,2
DA:48,10
LF:23
LH:18
end_of_record
SF:lib\tv_series\data\models\tvseries_table.dart
DA:11,2
DA:18,2
DA:19,1
DA:20,1
DA:21,1
DA:22,1
DA:25,2
DA:26,1
DA:27,1
DA:28,1
DA:29,1
DA:32,0
DA:33,0
DA:34,0
DA:35,0
DA:36,0
DA:39,2
DA:40,1
DA:41,1
DA:42,1
DA:43,1
DA:46,2
DA:48,10
LF:23
LH:18
end_of_record
SF:lib\movies\domain\entities\genre.dart
DA:4,13
DA:12,3
DA:13,9
LF:3
LH:3
end_of_record
SF:lib\movies\domain\entities\movie.dart
DA:5,15
DA:21,1
DA:42,2
DA:43,2
DA:44,2
DA:45,2
DA:46,2
DA:47,2
DA:48,2
DA:49,2
DA:50,2
DA:51,2
DA:52,2
DA:53,2
DA:54,2
DA:55,2
DA:56,2
LF:17
LH:17
end_of_record
SF:lib\movies\domain\entities\movie_detail.dart
DA:5,7
DA:33,1
DA:34,1
DA:35,1
DA:36,1
DA:37,1
DA:38,1
DA:39,1
DA:40,1
DA:41,1
DA:42,1
DA:43,1
DA:44,1
DA:45,1
LF:14
LH:14
end_of_record
SF:lib\tv_series\domain\entities\season_tvseries.dart
DA:4,6
DA:18,2
DA:19,12
LF:3
LH:3
end_of_record
SF:lib\tv_series\domain\entities\tv_series.dart
DA:6,8
DA:22,1
DA:43,8
DA:44,8
DA:45,8
DA:46,8
DA:47,8
DA:48,8
DA:49,8
DA:50,8
DA:51,8
DA:52,8
DA:53,8
DA:54,8
DA:55,8
DA:56,8
LF:16
LH:16
end_of_record
SF:lib\tv_series\domain\entities\tv_series_detail.dart
DA:25,6
DA:46,2
DA:47,2
DA:48,2
DA:49,2
DA:50,2
DA:51,2
DA:52,2
DA:53,2
DA:54,2
DA:55,2
DA:56,2
DA:57,2
DA:58,2
DA:59,2
DA:60,2
DA:61,2
DA:62,2
DA:63,2
DA:64,2
DA:65,2
LF:21
LH:21
end_of_record
SF:lib\common\db\database_helper.dart
DA:8,0
DA:12,0
DA:15,0
DA:17,0
DA:26,0
DA:27,0
DA:28,0
DA:29,0
DA:33,0
DA:34,0
DA:41,0
DA:42,0
DA:49,0
DA:52,0
DA:53,0
DA:54,0
DA:57,0
DA:58,0
DA:59,0
DA:62,0
DA:66,0
DA:67,0
DA:68,0
DA:71,0
DA:74,0
DA:75,0
DA:81,0
DA:82,0
DA:83,0
DA:87,0
DA:88,0
DA:89,0
DA:92,0
DA:93,0
DA:94,0
DA:97,0
DA:101,0
DA:102,0
DA:103,0
DA:106,0
DA:109,0
DA:110,0
DA:116,0
DA:117,0
DA:119,0
LF:45
LH:0
end_of_record
SF:lib\common\failure.dart
DA:6,17
DA:8,2
DA:9,4
DA:13,34
DA:17,4
DA:21,6
LF:6
LH:6
end_of_record
SF:lib\movies\data\datasources\movie_local_data_source.dart
DA:15,1
DA:18,1
DA:20,3
DA:23,2
DA:28,1
DA:30,3
DA:33,2
DA:38,1
DA:39,3
DA:41,1
DA:48,1
DA:49,3
DA:50,4
LF:13
LH:13
end_of_record
SF:lib\movies\data\datasources\movie_remote_data_source.dart
DA:23,1
DA:26,1
DA:28,5
DA:30,2
DA:31,4
DA:33,1
DA:38,1
DA:40,5
DA:42,2
DA:43,3
DA:45,1
DA:50,1
DA:51,2
DA:52,3
DA:54,2
DA:55,4
DA:57,1
DA:62,1
DA:64,5
DA:66,2
DA:67,4
DA:69,1
DA:74,1
DA:76,5
DA:78,2
DA:79,4
DA:81,1
DA:86,1
DA:87,2
DA:88,3
DA:90,2
DA:91,4
DA:93,1
LF:33
LH:33
end_of_record
SF:lib\movies\data\models\movie_detail_model.dart
DA:6,2
DA:52,1
DA:53,1
DA:54,1
DA:55,1
DA:56,1
DA:57,1
DA:58,4
DA:59,1
DA:60,1
DA:61,1
DA:62,1
DA:63,1
DA:64,1
DA:65,2
DA:66,1
DA:67,1
DA:68,1
DA:69,1
DA:70,1
DA:71,1
DA:72,1
DA:73,1
DA:74,2
DA:75,1
DA:78,0
DA:79,0
DA:80,0
DA:81,0
DA:82,0
DA:83,0
DA:84,0
DA:85,0
DA:86,0
DA:87,0
DA:88,0
DA:89,0
DA:90,0
DA:91,0
DA:92,0
DA:93,0
DA:94,0
DA:95,0
DA:96,0
DA:97,0
DA:98,0
DA:99,0
DA:102,1
DA:103,1
DA:104,1
DA:105,1
DA:106,5
DA:107,1
DA:108,1
DA:109,1
DA:110,1
DA:111,1
DA:112,1
DA:113,1
DA:114,1
DA:115,1
DA:119,1
DA:121,1
DA:122,1
DA:123,1
DA:124,1
DA:125,1
DA:126,1
DA:127,1
DA:128,1
DA:129,1
DA:130,1
DA:131,1
DA:132,1
DA:133,1
DA:134,1
DA:135,1
DA:136,1
DA:137,1
DA:138,1
DA:139,1
DA:140,1
DA:141,1
DA:142,1
LF:84
LH:62
end_of_record
SF:lib\movies\data\models\movie_model.dart
DA:5,4
DA:35,4
DA:36,2
DA:37,2
DA:38,8
DA:39,2
DA:40,2
DA:41,2
DA:42,4
DA:43,2
DA:44,2
DA:45,2
DA:46,2
DA:47,4
DA:48,2
DA:51,2
DA:52,1
DA:53,1
DA:54,4
DA:55,1
DA:56,1
DA:57,1
DA:58,1
DA:59,1
DA:60,1
DA:61,1
DA:62,1
DA:63,1
DA:64,1
DA:67,2
DA:68,2
DA:69,2
DA:70,2
DA:71,2
DA:72,2
DA:73,2
DA:74,2
DA:75,2
DA:76,2
DA:77,2
DA:78,2
DA:79,2
DA:80,2
DA:81,2
DA:85,2
DA:86,2
DA:87,2
DA:88,2
DA:89,2
DA:90,2
DA:91,2
DA:92,2
DA:93,2
DA:94,2
DA:95,2
DA:96,2
DA:97,2
DA:98,2
DA:99,2
LF:59
LH:59
end_of_record
SF:lib\common\exception.dart
DA:6,4
LF:1
LH:1
end_of_record
SF:lib\movies\data\models\movie_response.dart
DA:7,2
DA:9,4
DA:10,4
DA:11,6
DA:12,6
DA:15,2
DA:16,5
DA:19,1
DA:20,2
LF:9
LH:9
end_of_record
SF:lib\movies\data\models\genre_model.dart
DA:5,4
DA:13,4
DA:14,2
DA:15,2
DA:18,0
DA:19,0
DA:20,0
DA:23,2
DA:24,6
DA:27,2
DA:28,6
LF:11
LH:8
end_of_record
SF:lib\movies\data\repositories\movie_repository_impl.dart
DA:17,1
DA:23,1
DA:25,3
DA:26,5
DA:27,1
DA:28,2
DA:29,1
DA:30,2
DA:35,1
DA:37,3
DA:38,2
DA:39,1
DA:40,2
DA:41,1
DA:42,2
DA:47,1
DA:49,3
DA:50,3
DA:51,1
DA:52,2
DA:53,1
DA:54,2
DA:59,1
DA:61,3
DA:62,5
DA:63,1
DA:64,2
DA:65,1
DA:66,2
DA:71,1
DA:73,3
DA:74,5
DA:75,1
DA:76,2
DA:77,1
DA:78,2
DA:83,1
DA:85,3
DA:86,5
DA:87,1
DA:88,2
DA:89,1
DA:90,2
DA:95,1
DA:98,4
DA:99,1
DA:100,1
DA:101,3
DA:108,1
DA:111,4
DA:112,1
DA:113,1
DA:114,3
DA:119,1
DA:120,3
DA:125,1
DA:126,3
DA:127,5
LF:58
LH:58
end_of_record
SF:lib\movies\domain\usecases\get_movie_detail.dart
DA:9,1
DA:11,1
DA:12,2
LF:3
LH:3
end_of_record
SF:lib\movies\domain\usecases\get_movie_recommendations.dart
DA:9,1
DA:11,1
DA:12,2
LF:3
LH:3
end_of_record
SF:lib\movies\domain\usecases\get_now_playing_movies.dart
DA:9,1
DA:11,1
DA:12,2
LF:3
LH:3
end_of_record
SF:lib\movies\domain\usecases\get_popular_movies.dart
DA:9,1
DA:11,1
DA:12,2
LF:3
LH:3
end_of_record
SF:lib\movies\domain\usecases\get_top_rated_movies.dart
DA:9,1
DA:11,1
DA:12,2
LF:3
LH:3
end_of_record
SF:lib\movies\domain\usecases\get_watchlist_movies.dart
DA:9,1
DA:11,1
DA:12,2
LF:3
LH:3
end_of_record
SF:lib\movies\domain\usecases\get_watchlist_status.dart
DA:6,1
DA:8,1
DA:9,2
LF:3
LH:3
end_of_record
SF:lib\movies\domain\usecases\remove_watchlist.dart
DA:9,1
DA:11,1
DA:12,2
LF:3
LH:3
end_of_record
SF:lib\movies\domain\usecases\save_watchlist.dart
DA:9,1
DA:11,1
DA:12,2
LF:3
LH:3
end_of_record
SF:lib\movies\domain\usecases\search_movies.dart
DA:9,1
DA:11,1
DA:12,2
LF:3
LH:3
end_of_record
SF:lib\movies\presentation\bloc\movies_detail_event.dart
DA:5,2
DA:7,0
DA:8,0
DA:13,2
LF:4
LH:2
end_of_record
SF:lib\movies\presentation\bloc\movies_detail_state.dart
DA:4,2
DA:6,1
DA:7,1
DA:16,2
DA:22,1
LF:5
LH:5
end_of_record
SF:lib\movies\presentation\bloc\movies_detail_bloc.dart
DA:16,3
DA:17,2
DA:18,2
DA:19,4
DA:21,1
DA:22,4
DA:23,3
LF:7
LH:7
end_of_record
SF:lib\movies\presentation\bloc\nowplaying_movie_state.dart
DA:5,2
DA:7,1
DA:8,1
DA:18,2
DA:24,2
LF:5
LH:5
end_of_record
SF:lib\movies\presentation\bloc\nowplaying_movie_bloc.dart
DA:13,3
DA:14,2
DA:15,2
DA:16,3
DA:18,1
DA:19,4
DA:20,3
LF:7
LH:7
end_of_record
SF:lib\movies\presentation\bloc\nowplaying_movie_event.dart
DA:5,2
DA:7,0
DA:8,0
LF:3
LH:1
end_of_record
SF:lib\movies\presentation\bloc\popular_movies_state.dart
DA:5,3
DA:7,1
DA:8,1
DA:18,3
DA:24,3
LF:5
LH:5
end_of_record
SF:lib\movies\presentation\bloc\popular_movies_event.dart
DA:5,3
DA:7,0
DA:8,0
LF:3
LH:1
end_of_record
SF:lib\movies\presentation\bloc\popular_movies_bloc.dart
DA:16,3
DA:17,2
DA:18,2
DA:19,3
DA:21,1
DA:22,4
DA:23,3
LF:7
LH:7
end_of_record
SF:lib\movies\presentation\bloc\movie_recomendation_state.dart
DA:4,2
DA:6,1
DA:7,1
DA:17,2
DA:23,1
LF:5
LH:5
end_of_record
SF:lib\movies\presentation\bloc\movie_recomendation_bloc.dart
DA:13,3
DA:14,2
DA:15,2
DA:16,4
DA:18,1
DA:19,4
DA:20,3
LF:7
LH:7
end_of_record
SF:lib\movies\presentation\bloc\movie_recomendation_event.dart
DA:5,2
DA:7,0
DA:8,0
DA:14,2
LF:4
LH:2
end_of_record
SF:lib\movies\presentation\bloc\top_rated_movies_bloc.dart
DA:13,3
DA:14,2
DA:15,2
DA:16,3
DA:18,1
DA:19,4
DA:20,3
LF:7
LH:7
end_of_record
SF:lib\movies\presentation\bloc\top_rated_movies_event.dart
DA:5,3
DA:7,0
DA:8,0
LF:3
LH:1
end_of_record
SF:lib\movies\presentation\bloc\top_rated_movies_state.dart
DA:5,3
DA:7,1
DA:8,1
DA:18,3
DA:24,3
LF:5
LH:5
end_of_record
SF:lib\movies\presentation\bloc\search_bloc.dart
DA:13,3
DA:14,2
DA:15,2
DA:16,4
DA:18,1
DA:19,4
DA:20,3
DA:22,1
DA:26,1
DA:27,3
LF:10
LH:10
end_of_record
SF:lib\movies\presentation\bloc\search_state.dart
DA:5,2
DA:7,1
DA:8,1
DA:17,2
DA:23,2
LF:5
LH:5
end_of_record
SF:lib\movies\presentation\bloc\search_event.dart
DA:5,1
DA:7,0
DA:8,0
DA:14,1
LF:4
LH:2
end_of_record
SF:lib\movies\presentation\bloc\watchlist_event_bloc.dart
DA:15,3
DA:16,2
DA:17,2
DA:18,4
DA:19,1
DA:20,4
DA:21,3
DA:24,2
DA:25,2
DA:26,4
DA:27,1
DA:28,4
DA:29,3
LF:13
LH:13
end_of_record
SF:lib\movies\presentation\bloc\watchlist_event_event.dart
DA:5,2
DA:7,0
DA:8,0
DA:14,1
DA:20,2
LF:5
LH:3
end_of_record
SF:lib\movies\presentation\bloc\watchlist_event_state.dart
DA:5,2
DA:7,1
DA:8,1
DA:18,2
DA:24,1
LF:5
LH:5
end_of_record
SF:lib\movies\presentation\bloc\watchlist_movies_bloc.dart
DA:13,3
DA:14,2
DA:15,2
DA:16,3
DA:18,1
DA:19,4
DA:20,3
LF:7
LH:7
end_of_record
SF:lib\movies\presentation\bloc\watchlist_movies_event.dart
DA:5,2
DA:7,0
DA:8,0
LF:3
LH:1
end_of_record
SF:lib\movies\presentation\bloc\watchlist_movies_state.dart
DA:5,2
DA:7,1
DA:8,1
DA:12,1
DA:13,1
DA:21,2
DA:27,2
LF:7
LH:7
end_of_record
SF:lib\movies\presentation\bloc\watchlist_status_state.dart
DA:5,2
DA:7,1
DA:8,1
LF:3
LH:3
end_of_record
SF:lib\movies\presentation\bloc\watchlist_status_bloc.dart
DA:12,3
DA:13,2
DA:14,4
DA:16,2
DA:18,2
LF:5
LH:5
end_of_record
SF:lib\movies\presentation\bloc\watchlist_status_event.dart
DA:5,2
DA:7,0
DA:8,0
DA:14,2
LF:4
LH:2
end_of_record
SF:lib\movies\presentation\pages\home_movie_page.dart
DA:21,1
DA:22,1
DA:26,1
DA:28,1
DA:29,4
DA:30,4
DA:31,4
DA:34,1
DA:36,1
DA:37,1
DA:38,1
DA:39,1
DA:40,1
DA:41,1
DA:42,1
DA:44,1
DA:45,1
DA:47,1
DA:49,1
DA:51,1
DA:53,1
DA:60,1
DA:61,1
DA:62,1
DA:63,0
DA:64,0
DA:67,1
DA:68,1
DA:69,1
DA:70,0
DA:71,0
DA:74,1
DA:81,1
DA:83,1
DA:85,1
DA:87,1
DA:94,1
DA:95,1
DA:96,1
DA:97,0
DA:98,0
DA:101,1
DA:102,1
DA:103,1
DA:104,0
DA:105,0
DA:108,1
DA:115,1
DA:116,0
DA:117,0
DA:119,1
DA:120,1
DA:125,1
DA:126,1
DA:127,1
DA:128,1
DA:129,0
DA:130,0
DA:131,0
DA:133,1
DA:137,1
DA:139,1
DA:140,1
DA:142,1
DA:143,1
DA:145,1
DA:147,1
DA:148,1
DA:149,1
DA:150,1
DA:151,1
DA:153,1
DA:154,2
DA:156,1
DA:160,1
DA:162,0
DA:163,0
DA:165,1
DA:166,1
DA:167,1
DA:168,1
DA:169,1
DA:171,1
DA:172,2
DA:174,1
DA:178,1
DA:180,0
DA:181,0
DA:183,1
DA:184,1
DA:185,1
DA:186,1
DA:187,1
DA:189,1
DA:190,2
DA:192,1
DA:203,1
DA:204,1
DA:206,1
DA:207,1
DA:209,1
DA:211,1
DA:213,1
DA:215,1
DA:216,3
DA:228,1
DA:230,1
DA:232,1
DA:234,1
DA:236,1
DA:237,2
DA:238,1
DA:240,1
DA:241,0
DA:242,0
DA:245,0
DA:248,1
DA:249,2
DA:250,1
DA:251,2
DA:252,2
DA:253,1
DA:255,0
DA:261,2
LF:124
LH:103
end_of_record
SF:lib\common\constants.dart
DA:15,2
DA:16,1
DA:17,18
DA:19,0
DA:21,0
DA:25,0
DA:26,0
DA:27,0
DA:28,0
DA:29,0
LF:10
LH:3
end_of_record
SF:lib\common\utils.dart
DA:3,3
LF:1
LH:1
end_of_record
SF:lib\movies\presentation\pages\about_page.dart
DA:7,0
DA:9,0
DA:10,0
DA:11,0
DA:12,0
DA:13,0
DA:14,0
DA:15,0
DA:17,0
DA:18,0
DA:25,0
DA:26,0
DA:29,0
DA:31,0
DA:38,0
DA:39,0
DA:40,0
DA:41,0
LF:18
LH:0
end_of_record
SF:lib\movies\presentation\pages\movie_detail_page.dart
DA:17,1
DA:19,1
DA:20,1
DA:24,1
DA:26,1
DA:27,2
DA:28,4
DA:29,6
DA:30,2
DA:31,4
DA:34,1
DA:36,1
DA:37,1
DA:38,1
DA:39,1
DA:40,1
DA:41,1
DA:43,1
DA:44,1
DA:45,1
DA:46,1
DA:48,0
DA:49,0
DA:51,0
DA:62,1
DA:64,1
DA:66,3
DA:67,1
DA:68,1
DA:69,1
DA:70,3
DA:72,2
DA:73,1
DA:75,0
DA:77,1
DA:79,1
DA:80,1
DA:81,1
DA:82,1
DA:84,2
DA:91,1
DA:92,1
DA:93,1
DA:95,1
DA:97,1
DA:99,1
DA:100,1
DA:101,2
DA:102,1
DA:104,1
DA:105,1
DA:107,1
DA:108,1
DA:109,1
DA:110,1
DA:111,0
DA:112,1
DA:113,1
DA:114,2
DA:116,0
DA:118,0
DA:119,0
DA:120,0
DA:126,1
DA:128,1
DA:129,1
DA:130,1
DA:131,0
DA:133,0
DA:134,0
DA:136,0
DA:137,0
DA:138,0
DA:140,1
DA:142,1
DA:143,1
DA:144,1
DA:149,1
DA:150,1
DA:152,1
DA:153,3
DA:155,1
DA:156,2
DA:157,2
DA:159,1
DA:161,1
DA:162,1
DA:163,1
DA:172,1
DA:173,3
DA:175,1
DA:176,3
DA:178,1
DA:179,1
DA:180,1
DA:181,3
DA:183,2
DA:189,4
DA:192,1
DA:193,1
DA:195,1
DA:197,1
DA:198,2
DA:200,1
DA:201,1
DA:203,1
DA:205,1
DA:207,1
DA:208,1
DA:209,0
DA:210,0
DA:212,1
DA:213,0
DA:214,1
DA:215,1
DA:217,1
DA:219,1
DA:220,2
DA:221,1
DA:223,1
DA:224,0
DA:225,0
DA:228,0
DA:231,1
DA:232,1
DA:233,1
DA:235,1
DA:237,2
DA:238,1
DA:239,1
DA:241,1
DA:244,0
DA:245,0
DA:251,2
DA:255,0
DA:263,1
DA:265,1
DA:280,1
DA:282,1
DA:285,1
DA:286,1
DA:287,0
DA:288,0
DA:297,1
DA:299,2
DA:300,3
DA:303,1
DA:307,3
DA:310,1
DA:311,1
DA:312,1
DA:314,1
DA:315,1
DA:317,0
LF:154
LH:127
end_of_record
SF:lib\movies\presentation\pages\popular_movies_page.dart
DA:9,1
DA:10,1
DA:14,1
DA:16,1
DA:17,4
DA:20,1
DA:22,1
DA:23,1
DA:24,1
DA:26,1
DA:28,1
DA:29,1
DA:30,1
DA:31,1
DA:32,1
DA:34,1
DA:35,1
DA:36,1
DA:37,2
DA:38,1
DA:40,2
DA:42,1
DA:43,1
DA:44,1
DA:45,2
DA:48,0
DA:49,0
LF:27
LH:25
end_of_record
SF:lib\movies\presentation\pages\search_page.dart
DA:10,1
DA:12,1
DA:13,1
DA:14,1
DA:16,1
DA:18,1
DA:20,1
DA:21,1
DA:22,0
DA:23,0
DA:26,0
DA:28,1
DA:30,1
DA:31,1
DA:35,1
DA:36,1
DA:38,1
DA:40,1
DA:41,1
DA:42,1
DA:43,1
DA:44,1
DA:46,1
DA:47,1
DA:48,1
DA:50,1
DA:51,2
DA:52,1
DA:54,2
DA:57,1
DA:58,1
DA:59,2
DA:62,0
DA:63,0
LF:34
LH:29
end_of_record
SF:lib\movies\presentation\pages\top_rated_movies_page.dart
DA:10,1
DA:11,1
DA:15,1
DA:17,1
DA:18,4
DA:21,1
DA:23,1
DA:24,1
DA:25,1
DA:27,1
DA:29,1
DA:30,1
DA:31,1
DA:32,1
DA:33,1
DA:35,1
DA:36,1
DA:37,1
DA:38,2
DA:39,1
DA:41,2
DA:43,1
DA:44,1
DA:45,1
DA:46,2
DA:49,0
DA:50,0
LF:27
LH:25
end_of_record
SF:lib\movies\presentation\pages\watchlist_movies_page.dart
DA:10,1
DA:11,1
DA:16,1
DA:18,1
DA:19,4
DA:22,1
DA:24,1
DA:25,4
DA:28,1
DA:30,1
DA:31,1
DA:32,1
DA:34,1
DA:36,1
DA:37,1
DA:38,1
DA:39,1
DA:40,1
DA:42,1
DA:43,1
DA:44,1
DA:45,2
DA:46,1
DA:48,2
DA:50,1
DA:51,0
DA:52,0
DA:56,1
DA:57,1
DA:58,1
DA:59,2
DA:62,0
DA:63,0
DA:72,1
DA:74,2
DA:75,1
LF:36
LH:32
end_of_record
SF:lib\tv_series\presentation\pages\watchlist_tvseries_page.dart
DA:11,0
DA:12,0
DA:17,0
DA:19,0
DA:20,0
DA:21,0
DA:25,0
DA:27,0
DA:28,0
DA:31,0
DA:32,0
DA:35,0
DA:37,0
DA:38,0
DA:39,0
DA:41,0
DA:43,0
DA:44,0
DA:45,0
DA:46,0
DA:47,0
DA:49,0
DA:50,0
DA:51,0
DA:52,0
DA:53,0
DA:54,0
DA:55,0
DA:56,0
DA:57,0
DA:59,0
DA:64,0
DA:65,0
DA:66,0
DA:68,0
DA:69,0
DA:70,0
DA:73,0
DA:74,0
DA:75,0
DA:84,0
DA:86,0
DA:87,0
LF:43
LH:0
end_of_record
SF:lib\movies\presentation\widgets\movie_card_list.dart
DA:10,4
DA:12,4
DA:14,4
DA:16,4
DA:17,0
DA:18,0
DA:21,0
DA:24,4
DA:26,4
DA:27,4
DA:28,4
DA:34,4
DA:36,4
DA:37,4
DA:38,8
DA:41,4
DA:43,4
DA:44,4
DA:45,8
DA:53,4
DA:58,4
DA:59,4
DA:60,12
DA:62,8
DA:63,4
DA:65,0
DA:67,8
LF:27
LH:23
end_of_record
SF:lib\tv_series\domain\usecases\get_tvseries_detail.dart
DA:9,1
DA:11,1
DA:12,2
LF:3
LH:3
end_of_record
SF:lib\tv_series\domain\usecases\get_tvseries_recommendations.dart
DA:9,0
DA:11,0
DA:12,0
LF:3
LH:0
end_of_record
SF:lib\tv_series\domain\usecases\get_watchlist_tvseries.dart
DA:9,1
DA:11,1
DA:12,2
LF:3
LH:3
end_of_record
SF:lib\tv_series\domain\usecases\get_watchlist_tvseries_status.dart
DA:6,1
DA:8,1
DA:9,2
LF:3
LH:3
end_of_record
SF:lib\tv_series\domain\usecases\remove_tvseries_watchlist.dart
DA:9,1
DA:11,1
DA:12,2
LF:3
LH:3
end_of_record
SF:lib\tv_series\domain\usecases\save_tvseries_watchlist.dart
DA:9,1
DA:11,1
DA:12,2
LF:3
LH:3
end_of_record
SF:lib\tv_series\presentation\bloc\recommendation_tvseries_state.dart
DA:5,1
DA:6,0
DA:7,0
DA:11,1
DA:12,1
DA:16,1
DA:17,1
DA:23,1
DA:25,1
DA:26,2
DA:31,1
DA:33,1
DA:34,2
LF:13
LH:11
end_of_record
SF:lib\tv_series\presentation\bloc\recommendation_tvseries_bloc.dart
DA:12,3
DA:13,2
DA:14,1
DA:15,2
DA:16,3
DA:18,1
DA:19,1
DA:20,3
DA:22,1
DA:23,2
LF:10
LH:10
end_of_record
SF:lib\tv_series\presentation\bloc\recommendation_tvseries_event.dart
DA:4,1
DA:9,1
DA:11,1
DA:12,1
LF:4
LH:4
end_of_record
SF:lib\tv_series\presentation\bloc\tvseries_detail_state.dart
DA:4,1
DA:5,0
DA:6,0
DA:10,1
DA:11,1
DA:15,1
DA:16,1
DA:22,1
DA:24,1
DA:25,2
DA:30,1
DA:32,1
DA:33,2
LF:13
LH:11
end_of_record
SF:lib\tv_series\presentation\bloc\tvseries_detail_bloc.dart
DA:12,3
DA:13,2
DA:14,1
DA:15,2
DA:16,3
DA:17,1
DA:18,1
DA:19,3
DA:21,1
DA:22,2
LF:10
LH:10
end_of_record
SF:lib\tv_series\presentation\bloc\tvseries_detail_event.dart
DA:4,1
DA:8,1
DA:10,1
DA:11,1
LF:4
LH:4
end_of_record
SF:lib\tv_series\presentation\bloc\watchlist_tv_series_event.dart
DA:5,1
DA:9,1
DA:10,1
DA:16,1
DA:18,1
DA:19,2
DA:25,1
DA:27,1
DA:28,2
DA:34,1
DA:36,1
DA:37,2
LF:12
LH:12
end_of_record
SF:lib\tv_series\presentation\bloc\watchlist_tv_series_state.dart
DA:4,1
DA:5,0
DA:6,0
DA:10,1
DA:11,1
DA:15,1
DA:16,1
DA:22,1
DA:24,1
DA:25,2
DA:30,1
DA:32,1
DA:33,2
DA:39,1
DA:41,1
DA:42,2
DA:48,1
DA:50,1
DA:51,2
LF:19
LH:17
end_of_record
SF:lib\tv_series\presentation\bloc\watchlist_tv_series_bloc.dart
DA:21,1
DA:26,2
DA:27,2
DA:28,2
DA:30,3
DA:32,1
DA:33,1
DA:34,3
DA:36,1
DA:37,1
DA:38,0
DA:40,2
DA:45,2
DA:47,1
DA:49,3
DA:51,2
DA:54,2
DA:55,2
DA:56,1
DA:58,3
DA:60,1
DA:61,1
DA:62,3
DA:64,1
DA:65,2
DA:70,2
DA:71,1
DA:73,3
DA:75,1
DA:76,1
DA:77,3
DA:79,1
DA:80,2
LF:33
LH:32
end_of_record
SF:lib\tv_series\presentation\pages\tvseries_detail_page.dart
DA:17,0
DA:19,0
DA:20,0
DA:24,0
DA:26,0
DA:27,0
DA:28,0
DA:29,0
DA:30,0
DA:31,0
DA:32,0
DA:33,0
DA:37,0
DA:40,0
DA:41,0
DA:42,0
DA:47,0
DA:48,0
DA:49,0
DA:50,0
DA:51,0
DA:52,0
DA:54,0
DA:55,0
DA:56,0
DA:57,0
DA:59,0
DA:60,0
DA:61,0
DA:64,0
DA:65,0
DA:78,0
DA:80,0
DA:81,0
DA:85,0
DA:87,0
DA:88,0
DA:89,0
DA:90,0
DA:91,0
DA:93,0
DA:94,0
DA:96,0
DA:98,0
DA:100,0
DA:101,0
DA:102,0
DA:103,0
DA:105,0
DA:112,0
DA:113,0
DA:114,0
DA:116,0
DA:118,0
DA:120,0
DA:121,0
DA:122,0
DA:123,0
DA:125,0
DA:126,0
DA:127,0
DA:128,0
DA:129,0
DA:131,0
DA:132,0
DA:136,0
DA:138,0
DA:143,0
DA:144,0
DA:145,0
DA:151,0
DA:158,0
DA:159,0
DA:160,0
DA:161,0
DA:162,0
DA:163,0
DA:165,0
DA:166,0
DA:173,0
DA:175,0
DA:176,0
DA:177,0
DA:182,0
DA:183,0
DA:184,0
DA:187,0
DA:189,0
DA:190,0
DA:191,0
DA:192,0
DA:193,0
DA:197,0
DA:198,0
DA:200,0
DA:201,0
DA:203,0
DA:204,0
DA:205,0
DA:206,0
DA:208,0
DA:214,0
DA:217,0
DA:218,0
DA:219,0
DA:220,0
DA:222,0
DA:223,0
DA:224,0
DA:226,0
DA:227,0
DA:229,0
DA:231,0
DA:232,0
DA:233,0
DA:234,0
DA:236,0
DA:237,0
DA:239,0
DA:241,0
DA:242,0
DA:243,0
DA:244,0
DA:246,0
DA:247,0
DA:249,0
DA:251,0
DA:254,0
DA:257,0
DA:258,0
DA:263,0
DA:265,0
DA:267,0
DA:268,0
DA:270,0
DA:272,0
DA:274,0
DA:279,0
DA:282,0
DA:285,0
DA:286,0
DA:288,0
DA:290,0
DA:291,0
DA:293,0
DA:294,0
DA:296,0
DA:298,0
DA:300,0
DA:301,0
DA:302,0
DA:303,0
DA:306,0
DA:307,0
DA:309,0
DA:310,0
DA:311,0
DA:313,0
DA:315,0
DA:316,0
DA:317,0
DA:319,0
DA:320,0
DA:321,0
DA:324,0
DA:327,0
DA:328,0
DA:329,0
DA:331,0
DA:333,0
DA:334,0
DA:335,0
DA:337,0
DA:340,0
DA:341,0
DA:347,0
DA:351,0
DA:355,0
DA:361,0
DA:363,0
DA:378,0
DA:380,0
DA:383,0
DA:384,0
DA:385,0
DA:386,0
DA:395,0
DA:397,0
DA:398,0
DA:401,0
DA:405,0
DA:408,0
DA:409,0
DA:410,0
DA:412,0
DA:413,0
DA:415,0
LF:197
LH:0
end_of_record
SF:lib\tv_series\presentation\widgets\tvseries_card_list.dart
DA:10,0
DA:12,0
DA:14,0
DA:16,0
DA:17,0
DA:18,0
DA:21,0
DA:24,0
DA:26,0
DA:27,0
DA:28,0
DA:34,0
DA:36,0
DA:37,0
DA:38,0
DA:41,0
DA:43,0
DA:44,0
DA:45,0
DA:53,0
DA:58,0
DA:59,0
DA:60,0
DA:62,0
DA:63,0
DA:65,0
DA:67,0
LF:27
LH:0
end_of_record
SF:lib\tv_series\data\models\tvseries_model.dart
DA:5,4
DA:36,4
DA:37,2
DA:38,2
DA:39,2
DA:40,2
DA:41,2
DA:42,2
DA:43,2
DA:44,2
DA:45,2
DA:46,4
DA:47,8
DA:48,8
DA:49,4
DA:52,2
DA:53,1
DA:54,1
DA:55,1
DA:56,1
DA:57,1
DA:59,2
DA:60,1
DA:61,1
DA:62,1
DA:63,1
DA:64,4
DA:65,4
DA:66,1
DA:69,1
DA:70,1
DA:71,1
DA:72,1
DA:73,1
DA:74,1
DA:75,1
DA:76,1
DA:77,1
DA:78,1
DA:79,1
DA:80,1
DA:81,1
DA:82,1
DA:83,1
DA:87,2
DA:88,2
DA:89,2
DA:90,2
DA:91,2
DA:92,2
DA:93,2
DA:94,2
DA:95,2
DA:96,2
DA:97,2
DA:98,2
DA:99,2
DA:100,2
DA:101,2
LF:59
LH:59
end_of_record
SF:lib\tv_series\data\datasources\tvseries_local_data_source.dart
DA:15,1
DA:18,1
DA:20,3
DA:23,2
DA:28,1
DA:30,3
DA:33,2
DA:38,1
DA:39,3
DA:41,1
DA:48,1
DA:49,3
DA:50,4
LF:13
LH:13
end_of_record
SF:lib\tv_series\data\datasources\tvseries_local_data_source.dart
DA:15,0
DA:18,0
DA:20,0
DA:23,0
DA:28,0
DA:30,0
DA:33,0
DA:38,0
DA:39,0
DA:41,0
DA:48,0
DA:49,0
DA:50,0
LF:13
LH:0
end_of_record
SF:lib\tv_series\data\datasources\tvseries_remote_data_source.dart
DA:23,1
DA:26,1
DA:28,5
DA:30,2
DA:31,4
DA:33,1
DA:38,1
DA:39,5
DA:41,2
DA:42,3
DA:44,1
DA:49,1
DA:50,2
DA:51,3
DA:53,2
DA:54,4
DA:56,1
DA:61,1
DA:63,5
DA:65,2
DA:66,4
DA:68,1
DA:73,1
DA:75,5
DA:77,2
DA:78,4
DA:80,1
DA:85,1
DA:86,2
DA:87,3
DA:89,2
DA:90,4
DA:92,1
LF:33
LH:33
end_of_record
SF:lib\tv_series\data\models\tvseries_detail_model.dart
DA:27,2
DA:48,1
DA:49,1
DA:50,1
DA:51,1
DA:52,4
DA:53,1
DA:54,4
DA:55,1
DA:56,1
DA:57,1
DA:58,1
DA:59,1
DA:60,1
DA:61,1
DA:62,2
DA:63,1
DA:64,1
DA:65,4
DA:66,1
DA:67,1
DA:68,2
DA:69,1
DA:72,0
DA:73,0
DA:74,0
DA:75,0
DA:76,0
DA:77,0
DA:78,0
DA:79,0
DA:80,0
DA:81,0
DA:82,0
DA:83,0
DA:84,0
DA:85,0
DA:86,0
DA:87,0
DA:88,0
DA:89,0
DA:90,0
DA:93,1
DA:94,1
DA:95,1
DA:96,1
DA:97,4
DA:98,5
DA:99,1
DA:100,1
DA:101,1
DA:102,1
DA:103,1
DA:104,1
DA:105,1
DA:106,1
DA:107,1
DA:108,5
DA:109,1
DA:110,1
DA:111,1
DA:112,1
DA:116,1
DA:118,1
DA:119,1
DA:120,1
DA:121,1
DA:122,1
DA:123,1
DA:124,1
DA:125,1
DA:126,1
DA:127,1
DA:128,1
DA:129,1
DA:130,1
DA:131,1
DA:132,1
DA:133,1
DA:134,1
DA:135,1
DA:136,1
LF:82
LH:63
end_of_record
SF:lib\tv_series\data\models\tvseries_response.dart
DA:9,2
DA:11,2
DA:12,2
DA:13,4
DA:14,6
DA:15,6
DA:18,2
DA:19,5
DA:22,1
DA:23,2
LF:10
LH:10
end_of_record
SF:lib\tv_series\data\models\season_tvseries_model.dart
DA:11,2
DA:19,1
DA:20,1
DA:21,1
DA:22,1
DA:23,1
DA:24,1
DA:25,1
DA:28,0
DA:29,0
DA:30,0
DA:31,0
DA:32,0
DA:33,0
DA:36,2
DA:37,1
DA:38,1
DA:39,1
DA:40,1
DA:41,1
DA:44,1
DA:45,6
LF:22
LH:16
end_of_record
SF:lib\tv_series\data\repositories\tvseries_repository_impl.dart
DA:17,1
DA:23,1
DA:25,2
DA:26,0
DA:27,1
DA:28,2
DA:29,1
DA:30,2
DA:35,1
DA:37,3
DA:38,2
DA:39,1
DA:40,2
DA:41,1
DA:42,2
DA:47,1
DA:50,3
DA:51,3
DA:52,1
DA:53,2
DA:54,1
DA:55,2
DA:60,1
DA:62,2
DA:63,0
DA:64,1
DA:65,2
DA:66,1
DA:67,2
DA:72,1
DA:74,2
DA:75,0
DA:76,1
DA:77,2
DA:78,1
DA:79,2
DA:84,1
DA:86,2
DA:87,0
DA:88,1
DA:89,2
DA:90,1
DA:91,2
DA:96,1
DA:99,2
DA:100,2
DA:101,1
DA:102,1
DA:103,3
DA:110,1
DA:113,2
DA:114,2
DA:115,1
DA:116,1
DA:117,3
DA:122,1
DA:123,3
DA:128,1
DA:129,3
DA:130,5
LF:60
LH:56
end_of_record
SF:lib\tv_series\domain\entities\tv_series.dart
DA:6,1
DA:22,0
DA:43,0
DA:44,0
DA:45,0
DA:46,0
DA:47,0
DA:48,0
DA:49,0
DA:50,0
DA:51,0
DA:52,0
DA:53,0
DA:54,0
DA:55,0
DA:56,0
LF:16
LH:1
end_of_record
SF:lib\tv_series\domain\usecases\get_on_air_tvseries.dart
DA:9,1
DA:11,1
DA:12,2
LF:3
LH:3
end_of_record
SF:lib\tv_series\domain\usecases\get_popular_tvseries.dart
DA:9,1
DA:11,1
DA:12,2
LF:3
LH:3
end_of_record
SF:lib\tv_series\domain\usecases\get_top_rated_tvseries.dart
DA:9,1
DA:11,1
DA:12,2
LF:3
LH:3
end_of_record
SF:lib\tv_series\domain\usecases\get_tvseries_recommendations.dart
DA:9,1
DA:11,1
DA:12,2
LF:3
LH:3
end_of_record
SF:lib\tv_series\presentation\bloc\on_the_air_tvseries_event.dart
DA:4,1
DA:9,1
DA:10,1
LF:3
LH:3
end_of_record
SF:lib\tv_series\presentation\bloc\on_the_air_tvseries_state.dart
DA:4,1
DA:6,0
DA:7,0
DA:11,1
DA:12,1
DA:16,1
DA:17,1
DA:23,1
DA:25,1
DA:26,2
DA:32,1
DA:34,1
DA:35,2
LF:13
LH:11
end_of_record
SF:lib\tv_series\presentation\bloc\on_the_air_tvseries_bloc.dart
DA:13,3
DA:14,2
DA:15,2
DA:16,3
DA:17,1
DA:18,1
DA:19,3
DA:21,1
DA:22,1
DA:23,0
DA:25,2
LF:11
LH:10
end_of_record
SF:lib\tv_series\domain\usecases\search_tvseries.dart
DA:9,1
DA:11,1
DA:12,2
LF:3
LH:3
end_of_record
SF:lib\tv_series\presentation\bloc\popular_tv_series_state.dart
DA:4,1
DA:5,0
DA:9,2
DA:13,2
DA:18,1
DA:19,3
DA:25,1
DA:27,1
DA:28,2
LF:9
LH:8
end_of_record
SF:lib\tv_series\presentation\bloc\popular_tv_series_bloc.dart
DA:14,3
DA:15,2
DA:16,2
DA:17,3
DA:19,1
DA:20,1
DA:21,3
DA:23,1
DA:24,1
DA:25,0
DA:27,2
LF:11
LH:10
end_of_record
SF:lib\tv_series\presentation\bloc\popular_tv_series_event.dart
DA:5,1
DA:8,1
DA:9,1
LF:3
LH:3
end_of_record
SF:lib\tv_series\presentation\bloc\search_tv_series_bloc.dart
DA:14,3
DA:15,1
DA:16,1
DA:17,2
DA:19,2
DA:20,1
DA:22,2
DA:23,3
DA:25,1
DA:26,1
DA:27,3
DA:29,1
DA:30,2
DA:33,1
LF:14
LH:14
end_of_record
SF:lib\tv_series\presentation\bloc\search_tv_series_state.dart
DA:5,1
DA:6,1
DA:7,1
DA:16,1
DA:18,1
DA:19,2
DA:25,1
DA:27,1
DA:28,2
LF:9
LH:9
end_of_record
SF:lib\tv_series\presentation\bloc\search_tv_series_event.dart
DA:4,1
DA:10,1
DA:12,0
DA:13,0
LF:4
LH:2
end_of_record
SF:lib\tv_series\presentation\bloc\top_rated_tv_series_state.dart
DA:4,1
DA:6,0
DA:7,0
DA:11,1
DA:12,1
DA:15,1
DA:16,1
DA:22,1
DA:24,1
DA:25,2
DA:31,1
DA:33,1
DA:34,2
LF:13
LH:11
end_of_record
SF:lib\tv_series\presentation\bloc\top_rated_tv_series_bloc.dart
DA:13,3
DA:14,2
DA:15,2
DA:16,3
DA:17,1
DA:18,1
DA:19,3
DA:21,1
DA:22,1
DA:23,0
DA:25,2
LF:11
LH:10
end_of_record
SF:lib\tv_series\presentation\bloc\top_rated_tv_series_event.dart
DA:4,1
DA:8,1
DA:9,1
LF:3
LH:3
end_of_record
